#
# There is insufficient memory for the Java Runtime Environment to continue.
# Native memory allocation (mmap) failed to map 266338304 bytes for Failed to commit area from 0x0000000702a00000 to 0x0000000712800000 of length 266338304.
# Possible reasons:
#   The system is out of physical RAM or swap space
#   The process is running with CompressedOops enabled, and the Java Heap may be blocking the growth of the native heap
# Possible solutions:
#   Reduce memory load on the system
#   Increase physical memory or swap space
#   Check if swap backing store is full
#   Decrease Java heap size (-Xmx/-Xms)
#   Decrease number of Java threads
#   Decrease Java thread stack sizes (-Xss)
#   Set larger code cache with -XX:ReservedCodeCacheSize=
# This output file may be truncated or incomplete.
#
#  Out of Memory Error (t:/workspace/open/src/hotspot/os/windows/os_windows.cpp:3269), pid=111976, tid=112600
#
# JRE version:  (11.0.2+9) (build )
# Java VM: Java HotSpot(TM) 64-Bit Server VM (11.0.2+9-LTS, mixed mode, aot, sharing, tiered, compressed oops, g1 gc, windows-amd64)
# No core dump will be written. Minidumps are not enabled by default on client versions of Windows
#

---------------  S U M M A R Y ------------

Command Line: -Dfile.encoding=Cp1252 gui.GUIGame

Host: Intel(R) Core(TM) i7-6700HQ CPU @ 2.60GHz, 8 cores, 15G,  Windows 10 , 64 bit Build 17134 (10.0.17134.753)
Time: Tue Aug 13 10:27:23 2019 New Zealand Standard Time elapsed time: 0 seconds (0d 0h 0m 0s)

---------------  T H R E A D  ---------------

Current thread (0x000001c1512a7800):  JavaThread "Unknown thread" [_thread_in_vm, id=112600, stack(0x00000035d9500000,0x00000035d9600000)]

Stack: [0x00000035d9500000,0x00000035d9600000]
Native frames: (J=compiled Java code, j=interpreted, Vv=VM code, C=native code)
V  [jvm.dll+0x63574a]
V  [jvm.dll+0x77326f]
V  [jvm.dll+0x77491a]
V  [jvm.dll+0x774fd3]
V  [jvm.dll+0x25e418]
V  [jvm.dll+0x632c0a]
V  [jvm.dll+0x627645]
V  [jvm.dll+0x314e7c]
V  [jvm.dll+0x314d02]
V  [jvm.dll+0x31a576]
V  [jvm.dll+0x36635f]
V  [jvm.dll+0x365d80]
V  [jvm.dll+0x2f19f8]
V  [jvm.dll+0x2f2b56]
V  [jvm.dll+0x74c817]
V  [jvm.dll+0x74df5f]
V  [jvm.dll+0x373179]
V  [jvm.dll+0x732eb9]
V  [jvm.dll+0x3e295d]
V  [jvm.dll+0x3e4c61]
C  [javaw.exe+0x3617]
C  [javaw.exe+0x17e2c]
C  [KERNEL32.DLL+0x14034]
C  [ntdll.dll+0x73691]


---------------  P R O C E S S  ---------------

Threads class SMR info:
_java_thread_list=0x000001c14f0849a0, length=0, elements={
}

Java Threads: ( => current thread )

Other Threads:
  0x000001c1512b7800 GCTaskThread "GC Thread#0" [stack: 0x00000035d9600000,0x00000035d9700000] [id=111736]
  0x000001c151315000 ConcurrentGCThread "G1 Main Marker" [stack: 0x00000035d9700000,0x00000035d9800000] [id=111696]
  0x000001c15131f800 ConcurrentGCThread "G1 Conc#0" [stack: 0x00000035d9800000,0x00000035d9900000] [id=111796]

[error occurred during error reporting (printing all threads), id 0xc0000005, EXCEPTION_ACCESS_VIOLATION (0xc0000005) at pc=0x00007ffa92d00197]

VM state:not at safepoint (not fully initialized)

VM Mutex/Monitor currently owned by a thread:  ([mutex/lock_event])
[0x000001c1512a4760] Heap_lock - owner thread: 0x000001c1512a7800

Heap address: 0x0000000702a00000, size: 4054 MB, Compressed Oops mode: Non-zero based: 0x0000000702a00000
Narrow klass base: 0x0000000000000000, Narrow klass shift: 0

GC Heap History (0 events):
No events

Deoptimization events (0 events):
No events

Classes redefined (0 events):
No events

Internal exceptions (0 events):
No events

Events (0 events):
No events


Dynamic libraries:
0x00007ff641930000 - 0x00007ff641977000 	C:\Program Files\Java\JDK\bin\javaw.exe
0x00007ffac4ce0000 - 0x00007ffac4ec1000 	C:\WINDOWS\SYSTEM32\ntdll.dll
0x00007ffac2a70000 - 0x00007ffac2b21000 	C:\WINDOWS\System32\KERNEL32.DLL
0x00007ffac14b0000 - 0x00007ffac1723000 	C:\WINDOWS\System32\KERNELBASE.dll
0x00007ffac4c00000 - 0x00007ffac4ca1000 	C:\WINDOWS\System32\ADVAPI32.dll
0x00007ffac49a0000 - 0x00007ffac4a3e000 	C:\WINDOWS\System32\msvcrt.dll
0x00007ffac2fc0000 - 0x00007ffac301b000 	C:\WINDOWS\System32\sechost.dll
0x00007ffac2220000 - 0x00007ffac2344000 	C:\WINDOWS\System32\RPCRT4.dll
0x00007ffac28e0000 - 0x00007ffac2a70000 	C:\WINDOWS\System32\USER32.dll
0x00007ffac1800000 - 0x00007ffac1820000 	C:\WINDOWS\System32\win32u.dll
0x00007ffac2170000 - 0x00007ffac2198000 	C:\WINDOWS\System32\GDI32.dll
0x00007ffac1fd0000 - 0x00007ffac2161000 	C:\WINDOWS\System32\gdi32full.dll
0x00007ffac1820000 - 0x00007ffac18bf000 	C:\WINDOWS\System32\msvcp_win.dll
0x00007ffac13b0000 - 0x00007ffac14a8000 	C:\WINDOWS\System32\ucrtbase.dll
0x00007ffaad8a0000 - 0x00007ffaadb09000 	C:\WINDOWS\WinSxS\amd64_microsoft.windows.common-controls_6595b64144ccf1df_6.0.17134.885_none_fb42a3473065565f\COMCTL32.dll
0x00007ffac30d0000 - 0x00007ffac33f2000 	C:\WINDOWS\System32\combase.dll
0x00007ffac1780000 - 0x00007ffac17f9000 	C:\WINDOWS\System32\bcryptPrimitives.dll
0x00007ffabc9b0000 - 0x00007ffabc9ba000 	C:\WINDOWS\SYSTEM32\VERSION.dll
0x00007ffac28b0000 - 0x00007ffac28dd000 	C:\WINDOWS\System32\IMM32.DLL
0x00007ffab9fd0000 - 0x00007ffab9fe6000 	C:\Program Files\Java\JDK\bin\vcruntime140.dll
0x00007ffaa42a0000 - 0x00007ffaa434a000 	C:\Program Files\Java\JDK\bin\msvcp140.dll
0x00007ffa92a00000 - 0x00007ffa93527000 	C:\Program Files\Java\JDK\bin\server\jvm.dll
0x00007ffac2e10000 - 0x00007ffac2e18000 	C:\WINDOWS\System32\PSAPI.DLL
0x00007ffaaf330000 - 0x00007ffaaf339000 	C:\WINDOWS\SYSTEM32\WSOCK32.dll
0x00007ffac4930000 - 0x00007ffac499c000 	C:\WINDOWS\System32\WS2_32.dll
0x00007ffabe520000 - 0x00007ffabe543000 	C:\WINDOWS\SYSTEM32\WINMM.dll
0x00007ffabdf20000 - 0x00007ffabdf4a000 	C:\WINDOWS\SYSTEM32\WINMMBASE.dll
0x00007ffac1730000 - 0x00007ffac1779000 	C:\WINDOWS\System32\cfgmgr32.dll
0x00007ffac1040000 - 0x00007ffac1051000 	C:\WINDOWS\System32\kernel.appcore.dll
0x00007ffabb760000 - 0x00007ffabb771000 	C:\Program Files\Java\JDK\bin\verify.dll
0x00007ffaa5630000 - 0x00007ffaa57f9000 	C:\WINDOWS\SYSTEM32\DBGHELP.DLL
0x00007ffaa5600000 - 0x00007ffaa5629000 	C:\WINDOWS\SYSTEM32\dbgcore.DLL
0x00007ffabad80000 - 0x00007ffabada9000 	C:\Program Files\Java\JDK\bin\java.dll
0x00007ffabb3b0000 - 0x00007ffabb3c6000 	C:\Program Files\Java\JDK\bin\zip.dll
0x00007ffabf400000 - 0x00007ffabf40a000 	C:\Program Files\Java\JDK\bin\jimage.dll

dbghelp: loaded successfully - version: 4.0.5 - missing functions: none
symbol engine: initialized successfully - sym options: 0x614 - pdb path: .;C:\Program Files\Java\JDK\bin;C:\WINDOWS\SYSTEM32;C:\WINDOWS\WinSxS\amd64_microsoft.windows.common-controls_6595b64144ccf1df_6.0.17134.885_none_fb42a3473065565f;C:\Program Files\Java\JDK\bin\server

VM Arguments:
jvm_args: -Dfile.encoding=Cp1252 
java_command: gui.GUIGame
java_class_path (initial): C:\Users\tyhow\OneDrive\Desktop\Cluedo\bin;C:\Users\tyhow\.p2\pool\plugins\org.junit.jupiter.api_5.3.1.v20181005-1442.jar;C:\Users\tyhow\.p2\pool\plugins\org.junit.jupiter.engine_5.3.1.v20181005-1442.jar;C:\Users\tyhow\.p2\pool\plugins\org.junit.jupiter.migrationsupport_5.3.1.v20181005-1442.jar;C:\Users\tyhow\.p2\pool\plugins\org.junit.jupiter.params_5.3.1.v20181005-1442.jar;C:\Users\tyhow\.p2\pool\plugins\org.junit.platform.commons_1.3.1.v20181005-1442.jar;C:\Users\tyhow\.p2\pool\plugins\org.junit.platform.engine_1.3.1.v20181005-1442.jar;C:\Users\tyhow\.p2\pool\plugins\org.junit.platform.launcher_1.3.1.v20181005-1442.jar;C:\Users\tyhow\.p2\pool\plugins\org.junit.platform.runner_1.3.1.v20181005-1442.jar;C:\Users\tyhow\.p2\pool\plugins\org.junit.platform.suite.api_1.3.1.v20181005-1442.jar;C:\Users\tyhow\.p2\pool\plugins\org.junit.vintage.engine_5.3.1.v20181005-1442.jar;C:\Users\tyhow\.p2\pool\plugins\org.opentest4j_1.1.1.v20181005-1442.jar;C:\Users\tyhow\.p2\pool\plugins\org.apiguardian_1.0.0.v20181005-1442.jar;C:\Users\tyhow\.p2\pool\plugins\org.junit_4.12.0.v201504281640\junit.jar;C:\Users\tyhow\.p2\pool\plugins\org.hamcrest.core_1.3.0.v20180420-1519.jar
Launcher Type: SUN_STANDARD

[Global flags]
     intx CICompilerCount                          = 4                                         {product} {ergonomic}
     uint ConcGCThreads                            = 2                                         {product} {ergonomic}
     uint G1ConcRefinementThreads                  = 8                                         {product} {ergonomic}
   size_t G1HeapRegionSize                         = 1048576                                   {product} {ergonomic}
    uintx GCDrainStackTargetSize                   = 64                                        {product} {ergonomic}
   size_t InitialHeapSize                          = 266338304                                 {product} {ergonomic}
   size_t MarkStackSize                            = 4194304                                   {product} {ergonomic}
   size_t MaxHeapSize                              = 4250927104                                {product} {ergonomic}
   size_t MinHeapDeltaBytes                        = 1048576                                   {product} {ergonomic}
    uintx NonNMethodCodeHeapSize                   = 5835340                                {pd product} {ergonomic}
    uintx NonProfiledCodeHeapSize                  = 122911450                              {pd product} {ergonomic}
    uintx ProfiledCodeHeapSize                     = 122911450                              {pd product} {ergonomic}
    uintx ReservedCodeCacheSize                    = 251658240                              {pd product} {ergonomic}
     bool SegmentedCodeCache                       = true                                      {product} {ergonomic}
     bool UseCompressedClassPointers               = true                                 {lp64_product} {ergonomic}
     bool UseCompressedOops                        = true                                 {lp64_product} {ergonomic}
     bool UseG1GC                                  = true                                      {product} {ergonomic}
     bool UseLargePagesIndividualAllocation        = false                                  {pd product} {ergonomic}

Logging:
Log output configuration:
 #0: stdout all=warning uptime,level,tags
 #1: stderr all=off uptime,level,tags

Environment Variables:
JAVA_HOME=C:\Program Files\Java\jdk
PATH=C:/Program Files/Java/JDK/bin/server;C:/Program Files/Java/JDK/bin;"C:\WINDOWS\System32\WindowsPowerShell\v1.0\;C:\Program Files\Java\jdk\bin;C:\Program Files\Java\jre\bin";C:\Program Files (x86)\Common Files\Oracle\Java\javapath;C:\ProgramData\Oracle\Java\javapath;C:\Program Files (x86)\Intel\iCLS Client\;C:\Program Files\Intel\iCLS Client\;C:\WINDOWS\system32;C:\WINDOWS;C:\WINDOWS\System32\Wbem;C:\Program Files (x86)\Intel\Intel(R) Management Engine Components\DAL;C:\Program Files\Intel\Intel(R) Management Engine Components\DAL;C:\Program Files (x86)\Intel\Intel(R) Management Engine Components\IPT;C:\Program Files\Intel\Intel(R) Management Engine Components\IPT;C:\Program Files (x86)\PuTTY\;C:\WINDOWS\System32\WindowsPowerShell\v1.0\;C:\WINDOWS\System32\OpenSSH\;C:\Program Files\Intel\WiFi\bin\;C:\Program Files\Common Files\Intel\WirelessCommon\;C:\MinGW\bin;C:\Users\tyhow\AppData\Local\Microsoft\WindowsApps;C:\Users\tyhow\AppData\Local\atom\bin;C:\Users\tyhow\OneDrive\Desktop;
USERNAME=tyhow
OS=Windows_NT
PROCESSOR_IDENTIFIER=Intel64 Family 6 Model 94 Stepping 3, GenuineIntel



---------------  S Y S T E M  ---------------

OS: Windows 10 , 64 bit Build 17134 (10.0.17134.753)

CPU:total 8 (initial active 8) (4 cores per cpu, 2 threads per core) family 6 model 94 stepping 3, cmov, cx8, fxsr, mmx, sse, sse2, sse3, ssse3, sse4.1, sse4.2, popcnt, avx, avx2, aes, clmul, erms, rtm, 3dnowpref, lzcnt, ht, tsc, tscinvbit, bmi1, bmi2, adx, fma

Memory: 4k page, system-wide physical 16211M (4661M free)
TotalPageFile size 65363M (AvailPageFile size 58M)
current process WorkingSet (physical memory assigned to process): 9M, peak: 9M
current process commit charge ("private bytes"): 60M, peak: 314M

vm_info: Java HotSpot(TM) 64-Bit Server VM (11.0.2+9-LTS) for windows-amd64 JRE (11.0.2+9-LTS), built on Jan 18 2019 05:24:10 by "mach5one" with MS VC++ 15.5 (VS2017)

END.
